<?xml version="1.0" encoding="UTF-8"?>
<!-- Generated by org.testng.reporters.JUnitReportReporter -->
<testsuite hostname="LSIPL07" name="com.cc.startup.Startup" tests="1" failures="0" timestamp="16 Sep 2020 17:49:58 GMT" time="68.613" errors="0">
  <testcase name="RuntestSuite" time="68.613" classname="com.cc.startup.Startup"/>
</testsuite> <!-- com.cc.startup.Startup -->
