<?xml version="1.0" encoding="UTF-8"?>
<!-- Generated by org.testng.reporters.JUnitReportReporter -->
<testsuite hostname="LSIPL07" name="com.cc.startup.Startup" tests="1" failures="0" timestamp="20 Jul 2020 13:54:52 GMT" time="25.355" errors="0">
  <testcase name="RuntestSuite" time="25.355" classname="com.cc.startup.Startup"/>
</testsuite> <!-- com.cc.startup.Startup -->
